<?xml version="1.0" encoding="UTF-8"?>
<!-- Generated by org.testng.reporters.JUnitReportReporter -->
<testsuite hostname="LTIN252486" failures="0" tests="1" name="Hackathon.NewBikeSearch.modules.DriverSetup" time="0.025" errors="0" timestamp="2023-08-21T10:46:37 IST" skipped="0">
  <testcase classname="Hackathon.NewBikeSearch.modules.DriverSetup" name="run" time="0.025"/>
</testsuite> <!-- Hackathon.NewBikeSearch.modules.DriverSetup -->
