<?xml version="1.0" encoding="UTF-8"?>
<!-- Generated by org.testng.reporters.JUnitReportReporter -->
<testsuite hostname="LTIN252486" failures="0" tests="3" name="Hackathon.NewBikeSearch.modules.Locators" time="13.962" errors="0" timestamp="2023-08-23T08:37:22 IST" skipped="0">
  <testcase classname="Hackathon.NewBikeSearch.modules.Locators" name="SearchUpcomingBikes" time="5.514"/>
  <testcase classname="Hackathon.NewBikeSearch.modules.Locators" name="SearchForHondaBikes" time="6.039"/>
  <testcase classname="Hackathon.NewBikeSearch.modules.Locators" name="SearchHondaUnder4lakh" time="2.409"/>
</testsuite> <!-- Hackathon.NewBikeSearch.modules.Locators -->
