<?xml version="1.0" encoding="UTF-8"?>
<!-- Generated by org.testng.reporters.JUnitReportReporter -->
<testsuite hostname="DESKTOP-DHOC6E0" failures="0" tests="3" name="Hackathon.NewBikeSearch.test.MainTest" time="69.787" errors="0" timestamp="2023-09-02T11:10:36 IST" skipped="0">
  <testcase classname="Hackathon.NewBikeSearch.test.MainTest" name="TestBike" time="19.648"/>
  <testcase classname="Hackathon.NewBikeSearch.test.MainTest" name="TestCar" time="18.729"/>
  <testcase classname="Hackathon.NewBikeSearch.test.MainTest" name="TestLogin" time="31.410"/>
</testsuite> <!-- Hackathon.NewBikeSearch.test.MainTest -->
